2018-04-22 14:47:23,037 [INFO] from application in play-dev-mode-akka.actor.default-dispatcher-7 - Creating Pool for datasource 'default'
2018-04-22 14:47:23,327 [INFO] from play.api.db.DefaultDBApi in play-dev-mode-akka.actor.default-dispatcher-7 - Database [default] connected at jdbc:h2:file:./data/productsDB
2018-04-22 14:47:24,466 [WARN] from org.hibernate.validator.messageinterpolation.ParameterMessageInterpolator in play-dev-mode-akka.actor.default-dispatcher-7 - HV000184: ParameterMessageInterpolator has been chosen, EL interpolation will not be supported
2018-04-22 14:47:24,691 [INFO] from play.api.http.EnabledFilters in play-dev-mode-akka.actor.default-dispatcher-7 - Enabled Filters (see <https://www.playframework.com/documentation/latest/Filters>):

    play.filters.csrf.CSRFFilter
    play.filters.headers.SecurityHeadersFilter
    play.filters.hosts.AllowedHostsFilter

2018-04-22 14:47:24,697 [INFO] from play.api.Play in play-dev-mode-akka.actor.default-dispatcher-7 - Application started (Dev)
2018-04-22 14:48:34,810 [INFO] from application in application-akka.actor.default-dispatcher-2 - Shutting down connection pool.
2018-04-22 14:48:35,014 [INFO] from application in play-dev-mode-akka.actor.default-dispatcher-17 - Creating Pool for datasource 'default'
2018-04-22 14:48:35,047 [INFO] from play.api.db.DefaultDBApi in play-dev-mode-akka.actor.default-dispatcher-17 - Database [default] connected at jdbc:h2:file:./data/productsDB
2018-04-22 14:48:35,202 [WARN] from org.hibernate.validator.messageinterpolation.ParameterMessageInterpolator in play-dev-mode-akka.actor.default-dispatcher-17 - HV000184: ParameterMessageInterpolator has been chosen, EL interpolation will not be supported
2018-04-22 14:48:35,258 [INFO] from play.api.http.EnabledFilters in play-dev-mode-akka.actor.default-dispatcher-17 - Enabled Filters (see <https://www.playframework.com/documentation/latest/Filters>):

    play.filters.csrf.CSRFFilter
    play.filters.headers.SecurityHeadersFilter
    play.filters.hosts.AllowedHostsFilter

2018-04-22 14:48:35,260 [INFO] from play.api.Play in play-dev-mode-akka.actor.default-dispatcher-17 - Application started (Dev)
2018-04-22 14:49:38,604 [INFO] from application in application-akka.actor.default-dispatcher-12 - Shutting down connection pool.
2018-04-22 14:49:38,775 [INFO] from application in play-dev-mode-akka.actor.default-dispatcher-27 - Creating Pool for datasource 'default'
2018-04-22 14:49:38,802 [INFO] from play.api.db.DefaultDBApi in play-dev-mode-akka.actor.default-dispatcher-27 - Database [default] connected at jdbc:h2:file:./data/productsDB
2018-04-22 14:49:38,954 [WARN] from org.hibernate.validator.messageinterpolation.ParameterMessageInterpolator in play-dev-mode-akka.actor.default-dispatcher-27 - HV000184: ParameterMessageInterpolator has been chosen, EL interpolation will not be supported
2018-04-22 14:49:39,023 [INFO] from play.api.http.EnabledFilters in play-dev-mode-akka.actor.default-dispatcher-27 - Enabled Filters (see <https://www.playframework.com/documentation/latest/Filters>):

    play.filters.csrf.CSRFFilter
    play.filters.headers.SecurityHeadersFilter
    play.filters.hosts.AllowedHostsFilter

2018-04-22 14:49:39,031 [INFO] from play.api.Play in play-dev-mode-akka.actor.default-dispatcher-27 - Application started (Dev)
2018-04-22 14:50:06,880 [INFO] from application in application-akka.actor.default-dispatcher-8 - Shutting down connection pool.
2018-04-22 14:50:07,010 [INFO] from application in play-dev-mode-akka.actor.default-dispatcher-24 - Creating Pool for datasource 'default'
2018-04-22 14:50:07,042 [INFO] from play.api.db.DefaultDBApi in play-dev-mode-akka.actor.default-dispatcher-24 - Database [default] connected at jdbc:h2:file:./data/productsDB
2018-04-22 14:50:07,169 [WARN] from org.hibernate.validator.messageinterpolation.ParameterMessageInterpolator in play-dev-mode-akka.actor.default-dispatcher-24 - HV000184: ParameterMessageInterpolator has been chosen, EL interpolation will not be supported
2018-04-22 14:50:07,243 [INFO] from play.api.http.EnabledFilters in play-dev-mode-akka.actor.default-dispatcher-24 - Enabled Filters (see <https://www.playframework.com/documentation/latest/Filters>):

    play.filters.csrf.CSRFFilter
    play.filters.headers.SecurityHeadersFilter
    play.filters.hosts.AllowedHostsFilter

2018-04-22 14:50:07,243 [INFO] from play.api.Play in play-dev-mode-akka.actor.default-dispatcher-24 - Application started (Dev)
2018-04-22 14:51:42,131 [INFO] from application in application-akka.actor.default-dispatcher-10 - Shutting down connection pool.
2018-04-22 14:51:42,250 [INFO] from application in play-dev-mode-akka.actor.default-dispatcher-38 - Creating Pool for datasource 'default'
2018-04-22 14:51:42,277 [INFO] from play.api.db.DefaultDBApi in play-dev-mode-akka.actor.default-dispatcher-38 - Database [default] connected at jdbc:h2:file:./data/productsDB
2018-04-22 14:51:42,370 [WARN] from org.hibernate.validator.messageinterpolation.ParameterMessageInterpolator in play-dev-mode-akka.actor.default-dispatcher-38 - HV000184: ParameterMessageInterpolator has been chosen, EL interpolation will not be supported
2018-04-22 14:51:42,414 [INFO] from play.api.http.EnabledFilters in play-dev-mode-akka.actor.default-dispatcher-38 - Enabled Filters (see <https://www.playframework.com/documentation/latest/Filters>):

    play.filters.csrf.CSRFFilter
    play.filters.headers.SecurityHeadersFilter
    play.filters.hosts.AllowedHostsFilter

2018-04-22 14:51:42,416 [INFO] from play.api.Play in play-dev-mode-akka.actor.default-dispatcher-38 - Application started (Dev)
2018-04-22 14:51:53,462 [INFO] from application in application-akka.actor.default-dispatcher-3 - Shutting down connection pool.
2018-04-22 14:51:53,596 [INFO] from application in play-dev-mode-akka.actor.default-dispatcher-31 - Creating Pool for datasource 'default'
2018-04-22 14:51:53,620 [INFO] from play.api.db.DefaultDBApi in play-dev-mode-akka.actor.default-dispatcher-31 - Database [default] connected at jdbc:h2:file:./data/productsDB
2018-04-22 14:51:53,746 [WARN] from org.hibernate.validator.messageinterpolation.ParameterMessageInterpolator in play-dev-mode-akka.actor.default-dispatcher-31 - HV000184: ParameterMessageInterpolator has been chosen, EL interpolation will not be supported
2018-04-22 14:51:53,811 [INFO] from play.api.http.EnabledFilters in play-dev-mode-akka.actor.default-dispatcher-31 - Enabled Filters (see <https://www.playframework.com/documentation/latest/Filters>):

    play.filters.csrf.CSRFFilter
    play.filters.headers.SecurityHeadersFilter
    play.filters.hosts.AllowedHostsFilter

2018-04-22 14:51:53,811 [INFO] from play.api.Play in play-dev-mode-akka.actor.default-dispatcher-31 - Application started (Dev)
2018-04-22 14:53:11,617 [INFO] from application in application-akka.actor.default-dispatcher-10 - Shutting down connection pool.
2018-04-22 14:53:11,762 [INFO] from application in play-dev-mode-akka.actor.default-dispatcher-48 - Creating Pool for datasource 'default'
2018-04-22 14:53:11,794 [INFO] from play.api.db.DefaultDBApi in play-dev-mode-akka.actor.default-dispatcher-48 - Database [default] connected at jdbc:h2:file:./data/productsDB
2018-04-22 14:53:11,916 [WARN] from org.hibernate.validator.messageinterpolation.ParameterMessageInterpolator in play-dev-mode-akka.actor.default-dispatcher-48 - HV000184: ParameterMessageInterpolator has been chosen, EL interpolation will not be supported
2018-04-22 14:53:11,963 [INFO] from play.api.http.EnabledFilters in play-dev-mode-akka.actor.default-dispatcher-48 - Enabled Filters (see <https://www.playframework.com/documentation/latest/Filters>):

    play.filters.csrf.CSRFFilter
    play.filters.headers.SecurityHeadersFilter
    play.filters.hosts.AllowedHostsFilter

2018-04-22 14:53:11,969 [INFO] from play.api.Play in play-dev-mode-akka.actor.default-dispatcher-48 - Application started (Dev)
2018-04-22 14:54:37,630 [INFO] from application in application-akka.actor.default-dispatcher-10 - Shutting down connection pool.
2018-04-22 14:54:37,785 [INFO] from application in play-dev-mode-akka.actor.default-dispatcher-56 - Creating Pool for datasource 'default'
2018-04-22 14:54:37,815 [INFO] from play.api.db.DefaultDBApi in play-dev-mode-akka.actor.default-dispatcher-56 - Database [default] connected at jdbc:h2:file:./data/productsDB
2018-04-22 14:54:37,990 [WARN] from org.hibernate.validator.messageinterpolation.ParameterMessageInterpolator in play-dev-mode-akka.actor.default-dispatcher-56 - HV000184: ParameterMessageInterpolator has been chosen, EL interpolation will not be supported
2018-04-22 14:54:38,035 [INFO] from play.api.http.EnabledFilters in play-dev-mode-akka.actor.default-dispatcher-56 - Enabled Filters (see <https://www.playframework.com/documentation/latest/Filters>):

    play.filters.csrf.CSRFFilter
    play.filters.headers.SecurityHeadersFilter
    play.filters.hosts.AllowedHostsFilter

2018-04-22 14:54:38,036 [INFO] from play.api.Play in play-dev-mode-akka.actor.default-dispatcher-56 - Application started (Dev)
2018-04-22 14:55:31,456 [INFO] from application in application-akka.actor.default-dispatcher-7 - Shutting down connection pool.
2018-04-22 14:55:31,565 [INFO] from application in play-dev-mode-akka.actor.default-dispatcher-60 - Creating Pool for datasource 'default'
2018-04-22 14:55:31,580 [INFO] from play.api.db.DefaultDBApi in play-dev-mode-akka.actor.default-dispatcher-60 - Database [default] connected at jdbc:h2:file:./data/productsDB
2018-04-22 14:55:31,698 [WARN] from org.hibernate.validator.messageinterpolation.ParameterMessageInterpolator in play-dev-mode-akka.actor.default-dispatcher-60 - HV000184: ParameterMessageInterpolator has been chosen, EL interpolation will not be supported
2018-04-22 14:55:31,748 [INFO] from play.api.http.EnabledFilters in play-dev-mode-akka.actor.default-dispatcher-60 - Enabled Filters (see <https://www.playframework.com/documentation/latest/Filters>):

    play.filters.csrf.CSRFFilter
    play.filters.headers.SecurityHeadersFilter
    play.filters.hosts.AllowedHostsFilter

2018-04-22 14:55:31,748 [INFO] from play.api.Play in play-dev-mode-akka.actor.default-dispatcher-60 - Application started (Dev)
2018-04-22 14:59:14,052 [INFO] from application in application-akka.actor.default-dispatcher-11 - Shutting down connection pool.
2018-04-22 14:59:14,151 [INFO] from application in play-dev-mode-akka.actor.default-dispatcher-82 - Creating Pool for datasource 'default'
2018-04-22 14:59:14,159 [INFO] from play.api.db.DefaultDBApi in play-dev-mode-akka.actor.default-dispatcher-82 - Database [default] connected at jdbc:h2:file:./data/productsDB
2018-04-22 14:59:14,278 [WARN] from org.hibernate.validator.messageinterpolation.ParameterMessageInterpolator in play-dev-mode-akka.actor.default-dispatcher-82 - HV000184: ParameterMessageInterpolator has been chosen, EL interpolation will not be supported
2018-04-22 14:59:14,328 [INFO] from play.api.http.EnabledFilters in play-dev-mode-akka.actor.default-dispatcher-82 - Enabled Filters (see <https://www.playframework.com/documentation/latest/Filters>):

    play.filters.csrf.CSRFFilter
    play.filters.headers.SecurityHeadersFilter
    play.filters.hosts.AllowedHostsFilter

2018-04-22 14:59:14,328 [INFO] from play.api.Play in play-dev-mode-akka.actor.default-dispatcher-82 - Application started (Dev)
2018-04-22 14:59:27,073 [INFO] from application in application-akka.actor.default-dispatcher-6 - Shutting down connection pool.
2018-04-22 14:59:27,175 [INFO] from application in play-dev-mode-akka.actor.default-dispatcher-82 - Creating Pool for datasource 'default'
2018-04-22 14:59:27,194 [INFO] from play.api.db.DefaultDBApi in play-dev-mode-akka.actor.default-dispatcher-82 - Database [default] connected at jdbc:h2:file:./data/productsDB
2018-04-22 14:59:27,291 [WARN] from org.hibernate.validator.messageinterpolation.ParameterMessageInterpolator in play-dev-mode-akka.actor.default-dispatcher-82 - HV000184: ParameterMessageInterpolator has been chosen, EL interpolation will not be supported
2018-04-22 14:59:27,339 [INFO] from play.api.http.EnabledFilters in play-dev-mode-akka.actor.default-dispatcher-82 - Enabled Filters (see <https://www.playframework.com/documentation/latest/Filters>):

    play.filters.csrf.CSRFFilter
    play.filters.headers.SecurityHeadersFilter
    play.filters.hosts.AllowedHostsFilter

2018-04-22 14:59:27,339 [INFO] from play.api.Play in play-dev-mode-akka.actor.default-dispatcher-82 - Application started (Dev)
2018-04-22 15:00:25,581 [INFO] from application in application-akka.actor.default-dispatcher-3 - Shutting down connection pool.
2018-04-22 15:00:25,695 [INFO] from application in play-dev-mode-akka.actor.default-dispatcher-86 - Creating Pool for datasource 'default'
2018-04-22 15:00:25,717 [INFO] from play.api.db.DefaultDBApi in play-dev-mode-akka.actor.default-dispatcher-86 - Database [default] connected at jdbc:h2:file:./data/productsDB
2018-04-22 15:00:25,834 [WARN] from org.hibernate.validator.messageinterpolation.ParameterMessageInterpolator in play-dev-mode-akka.actor.default-dispatcher-86 - HV000184: ParameterMessageInterpolator has been chosen, EL interpolation will not be supported
2018-04-22 15:00:25,879 [INFO] from play.api.http.EnabledFilters in play-dev-mode-akka.actor.default-dispatcher-86 - Enabled Filters (see <https://www.playframework.com/documentation/latest/Filters>):

    play.filters.csrf.CSRFFilter
    play.filters.headers.SecurityHeadersFilter
    play.filters.hosts.AllowedHostsFilter

2018-04-22 15:00:25,885 [INFO] from play.api.Play in play-dev-mode-akka.actor.default-dispatcher-86 - Application started (Dev)
2018-04-22 15:01:04,166 [INFO] from application in application-akka.actor.default-dispatcher-3 - Shutting down connection pool.
2018-04-22 15:01:04,240 [INFO] from application in play-dev-mode-akka.actor.default-dispatcher-92 - Creating Pool for datasource 'default'
2018-04-22 15:01:04,258 [INFO] from play.api.db.DefaultDBApi in play-dev-mode-akka.actor.default-dispatcher-92 - Database [default] connected at jdbc:h2:file:./data/productsDB
2018-04-22 15:01:04,392 [WARN] from org.hibernate.validator.messageinterpolation.ParameterMessageInterpolator in play-dev-mode-akka.actor.default-dispatcher-92 - HV000184: ParameterMessageInterpolator has been chosen, EL interpolation will not be supported
2018-04-22 15:01:04,436 [INFO] from play.api.http.EnabledFilters in play-dev-mode-akka.actor.default-dispatcher-92 - Enabled Filters (see <https://www.playframework.com/documentation/latest/Filters>):

    play.filters.csrf.CSRFFilter
    play.filters.headers.SecurityHeadersFilter
    play.filters.hosts.AllowedHostsFilter

2018-04-22 15:01:04,438 [INFO] from play.api.Play in play-dev-mode-akka.actor.default-dispatcher-92 - Application started (Dev)
2018-04-22 15:01:45,483 [INFO] from application in application-akka.actor.default-dispatcher-2 - Shutting down connection pool.
2018-04-22 15:01:45,588 [INFO] from application in play-dev-mode-akka.actor.default-dispatcher-92 - Creating Pool for datasource 'default'
2018-04-22 15:01:45,619 [INFO] from play.api.db.DefaultDBApi in play-dev-mode-akka.actor.default-dispatcher-92 - Database [default] connected at jdbc:h2:file:./data/productsDB
2018-04-22 15:01:45,705 [WARN] from org.hibernate.validator.messageinterpolation.ParameterMessageInterpolator in play-dev-mode-akka.actor.default-dispatcher-92 - HV000184: ParameterMessageInterpolator has been chosen, EL interpolation will not be supported
2018-04-22 15:01:45,747 [INFO] from play.api.http.EnabledFilters in play-dev-mode-akka.actor.default-dispatcher-92 - Enabled Filters (see <https://www.playframework.com/documentation/latest/Filters>):

    play.filters.csrf.CSRFFilter
    play.filters.headers.SecurityHeadersFilter
    play.filters.hosts.AllowedHostsFilter

2018-04-22 15:01:45,747 [INFO] from play.api.Play in play-dev-mode-akka.actor.default-dispatcher-92 - Application started (Dev)
2018-04-22 15:03:27,624 [WARN] from application in application-akka.actor.default-dispatcher-6 - The "validate" method in class "models.users.Login" is deprecated since Play 2.6. To migrate to class-level constraints see https://www.playframework.com/documentation/2.6.x/Migration26#java-form-changes and https://www.playframework.com/documentation/2.6.x/JavaForms#Advanced-validation
2018-04-22 15:04:19,113 [WARN] from application in application-akka.actor.default-dispatcher-6 - The "validate" method in class "models.users.Login" is deprecated since Play 2.6. To migrate to class-level constraints see https://www.playframework.com/documentation/2.6.x/Migration26#java-form-changes and https://www.playframework.com/documentation/2.6.x/JavaForms#Advanced-validation
2018-04-22 15:06:37,006 [WARN] from application in application-akka.actor.default-dispatcher-19 - The "validate" method in class "models.users.Login" is deprecated since Play 2.6. To migrate to class-level constraints see https://www.playframework.com/documentation/2.6.x/Migration26#java-form-changes and https://www.playframework.com/documentation/2.6.x/JavaForms#Advanced-validation
2018-04-22 15:07:51,531 [INFO] from application in application-akka.actor.default-dispatcher-15 - Shutting down connection pool.
2018-04-22 15:07:51,654 [INFO] from application in play-dev-mode-akka.actor.default-dispatcher-155 - Creating Pool for datasource 'default'
2018-04-22 15:07:51,671 [INFO] from play.api.db.DefaultDBApi in play-dev-mode-akka.actor.default-dispatcher-155 - Database [default] connected at jdbc:h2:file:./data/productsDB
2018-04-22 15:07:51,799 [WARN] from org.hibernate.validator.messageinterpolation.ParameterMessageInterpolator in play-dev-mode-akka.actor.default-dispatcher-155 - HV000184: ParameterMessageInterpolator has been chosen, EL interpolation will not be supported
2018-04-22 15:07:51,841 [INFO] from play.api.http.EnabledFilters in play-dev-mode-akka.actor.default-dispatcher-155 - Enabled Filters (see <https://www.playframework.com/documentation/latest/Filters>):

    play.filters.csrf.CSRFFilter
    play.filters.headers.SecurityHeadersFilter
    play.filters.hosts.AllowedHostsFilter

2018-04-22 15:07:51,841 [INFO] from play.api.Play in play-dev-mode-akka.actor.default-dispatcher-155 - Application started (Dev)
2018-04-22 15:08:28,446 [INFO] from application in application-akka.actor.default-dispatcher-11 - Shutting down connection pool.
2018-04-22 15:08:28,588 [INFO] from application in play-dev-mode-akka.actor.default-dispatcher-157 - Creating Pool for datasource 'default'
2018-04-22 15:08:28,609 [INFO] from play.api.db.DefaultDBApi in play-dev-mode-akka.actor.default-dispatcher-157 - Database [default] connected at jdbc:h2:file:./data/productsDB
2018-04-22 15:08:28,708 [WARN] from org.hibernate.validator.messageinterpolation.ParameterMessageInterpolator in play-dev-mode-akka.actor.default-dispatcher-157 - HV000184: ParameterMessageInterpolator has been chosen, EL interpolation will not be supported
2018-04-22 15:08:28,764 [INFO] from play.api.http.EnabledFilters in play-dev-mode-akka.actor.default-dispatcher-157 - Enabled Filters (see <https://www.playframework.com/documentation/latest/Filters>):

    play.filters.csrf.CSRFFilter
    play.filters.headers.SecurityHeadersFilter
    play.filters.hosts.AllowedHostsFilter

2018-04-22 15:08:28,764 [INFO] from play.api.Play in play-dev-mode-akka.actor.default-dispatcher-157 - Application started (Dev)
2018-04-22 15:10:56,327 [WARN] from application in application-akka.actor.default-dispatcher-15 - The "validate" method in class "models.users.Login" is deprecated since Play 2.6. To migrate to class-level constraints see https://www.playframework.com/documentation/2.6.x/Migration26#java-form-changes and https://www.playframework.com/documentation/2.6.x/JavaForms#Advanced-validation
2018-04-22 15:11:40,111 [INFO] from application in application-akka.actor.default-dispatcher-16 - Shutting down connection pool.
2018-04-22 15:11:40,207 [INFO] from application in play-dev-mode-akka.actor.default-dispatcher-185 - Creating Pool for datasource 'default'
2018-04-22 15:11:40,214 [INFO] from play.api.db.DefaultDBApi in play-dev-mode-akka.actor.default-dispatcher-185 - Database [default] connected at jdbc:h2:file:./data/productsDB
2018-04-22 15:11:40,311 [WARN] from org.hibernate.validator.messageinterpolation.ParameterMessageInterpolator in play-dev-mode-akka.actor.default-dispatcher-185 - HV000184: ParameterMessageInterpolator has been chosen, EL interpolation will not be supported
2018-04-22 15:11:40,353 [INFO] from play.api.http.EnabledFilters in play-dev-mode-akka.actor.default-dispatcher-185 - Enabled Filters (see <https://www.playframework.com/documentation/latest/Filters>):

    play.filters.csrf.CSRFFilter
    play.filters.headers.SecurityHeadersFilter
    play.filters.hosts.AllowedHostsFilter

2018-04-22 15:11:40,355 [INFO] from play.api.Play in play-dev-mode-akka.actor.default-dispatcher-185 - Application started (Dev)
2018-04-22 15:12:40,488 [WARN] from application in application-akka.actor.default-dispatcher-4 - The "validate" method in class "models.users.Login" is deprecated since Play 2.6. To migrate to class-level constraints see https://www.playframework.com/documentation/2.6.x/Migration26#java-form-changes and https://www.playframework.com/documentation/2.6.x/JavaForms#Advanced-validation
2018-04-22 15:15:17,979 [INFO] from application in application-akka.actor.default-dispatcher-2 - Shutting down connection pool.
2018-04-22 15:15:18,106 [INFO] from application in play-dev-mode-akka.actor.default-dispatcher-209 - Creating Pool for datasource 'default'
2018-04-22 15:15:18,131 [INFO] from play.api.db.DefaultDBApi in play-dev-mode-akka.actor.default-dispatcher-209 - Database [default] connected at jdbc:h2:file:./data/productsDB
2018-04-22 15:15:18,254 [WARN] from org.hibernate.validator.messageinterpolation.ParameterMessageInterpolator in play-dev-mode-akka.actor.default-dispatcher-209 - HV000184: ParameterMessageInterpolator has been chosen, EL interpolation will not be supported
2018-04-22 15:15:18,303 [INFO] from play.api.http.EnabledFilters in play-dev-mode-akka.actor.default-dispatcher-209 - Enabled Filters (see <https://www.playframework.com/documentation/latest/Filters>):

    play.filters.csrf.CSRFFilter
    play.filters.headers.SecurityHeadersFilter
    play.filters.hosts.AllowedHostsFilter

2018-04-22 15:15:18,305 [INFO] from play.api.Play in play-dev-mode-akka.actor.default-dispatcher-209 - Application started (Dev)
2018-04-22 15:15:47,994 [WARN] from application in application-akka.actor.default-dispatcher-3 - The "validate" method in class "models.users.Login" is deprecated since Play 2.6. To migrate to class-level constraints see https://www.playframework.com/documentation/2.6.x/Migration26#java-form-changes and https://www.playframework.com/documentation/2.6.x/JavaForms#Advanced-validation
2018-04-22 15:16:15,029 [WARN] from application in application-akka.actor.default-dispatcher-3 - The "validate" method in class "models.users.Login" is deprecated since Play 2.6. To migrate to class-level constraints see https://www.playframework.com/documentation/2.6.x/Migration26#java-form-changes and https://www.playframework.com/documentation/2.6.x/JavaForms#Advanced-validation
2018-04-22 15:18:15,087 [INFO] from application in application-akka.actor.default-dispatcher-13 - Shutting down connection pool.
2018-04-22 15:18:15,179 [INFO] from application in play-dev-mode-akka.actor.default-dispatcher-226 - Creating Pool for datasource 'default'
2018-04-22 15:18:15,197 [INFO] from play.api.db.DefaultDBApi in play-dev-mode-akka.actor.default-dispatcher-226 - Database [default] connected at jdbc:h2:file:./data/productsDB
2018-04-22 15:18:15,302 [WARN] from org.hibernate.validator.messageinterpolation.ParameterMessageInterpolator in play-dev-mode-akka.actor.default-dispatcher-226 - HV000184: ParameterMessageInterpolator has been chosen, EL interpolation will not be supported
2018-04-22 15:18:15,338 [INFO] from play.api.http.EnabledFilters in play-dev-mode-akka.actor.default-dispatcher-226 - Enabled Filters (see <https://www.playframework.com/documentation/latest/Filters>):

    play.filters.csrf.CSRFFilter
    play.filters.headers.SecurityHeadersFilter
    play.filters.hosts.AllowedHostsFilter

2018-04-22 15:18:15,338 [INFO] from play.api.Play in play-dev-mode-akka.actor.default-dispatcher-226 - Application started (Dev)
2018-04-22 15:20:46,133 [INFO] from application in application-akka.actor.default-dispatcher-9 - Shutting down connection pool.
2018-04-22 15:20:46,205 [INFO] from application in play-dev-mode-akka.actor.default-dispatcher-245 - Creating Pool for datasource 'default'
2018-04-22 15:20:46,214 [INFO] from play.api.db.DefaultDBApi in play-dev-mode-akka.actor.default-dispatcher-245 - Database [default] connected at jdbc:h2:file:./data/productsDB
2018-04-22 15:20:46,364 [WARN] from org.hibernate.validator.messageinterpolation.ParameterMessageInterpolator in play-dev-mode-akka.actor.default-dispatcher-245 - HV000184: ParameterMessageInterpolator has been chosen, EL interpolation will not be supported
2018-04-22 15:20:46,395 [INFO] from play.api.http.EnabledFilters in play-dev-mode-akka.actor.default-dispatcher-245 - Enabled Filters (see <https://www.playframework.com/documentation/latest/Filters>):

    play.filters.csrf.CSRFFilter
    play.filters.headers.SecurityHeadersFilter
    play.filters.hosts.AllowedHostsFilter

2018-04-22 15:20:46,396 [INFO] from play.api.Play in play-dev-mode-akka.actor.default-dispatcher-245 - Application started (Dev)
2018-04-22 15:21:52,379 [INFO] from application in application-akka.actor.default-dispatcher-9 - Shutting down connection pool.
2018-04-22 15:21:52,452 [INFO] from application in play-dev-mode-akka.actor.default-dispatcher-246 - Creating Pool for datasource 'default'
2018-04-22 15:21:52,462 [INFO] from play.api.db.DefaultDBApi in play-dev-mode-akka.actor.default-dispatcher-246 - Database [default] connected at jdbc:h2:file:./data/productsDB
2018-04-22 15:21:52,595 [WARN] from org.hibernate.validator.messageinterpolation.ParameterMessageInterpolator in play-dev-mode-akka.actor.default-dispatcher-246 - HV000184: ParameterMessageInterpolator has been chosen, EL interpolation will not be supported
2018-04-22 15:21:52,638 [INFO] from play.api.http.EnabledFilters in play-dev-mode-akka.actor.default-dispatcher-246 - Enabled Filters (see <https://www.playframework.com/documentation/latest/Filters>):

    play.filters.csrf.CSRFFilter
    play.filters.headers.SecurityHeadersFilter
    play.filters.hosts.AllowedHostsFilter

2018-04-22 15:21:52,638 [INFO] from play.api.Play in play-dev-mode-akka.actor.default-dispatcher-246 - Application started (Dev)
2018-04-22 15:23:12,622 [INFO] from application in application-akka.actor.default-dispatcher-9 - Shutting down connection pool.
2018-04-22 15:23:12,696 [INFO] from application in play-dev-mode-akka.actor.default-dispatcher-268 - Creating Pool for datasource 'default'
2018-04-22 15:23:12,714 [INFO] from play.api.db.DefaultDBApi in play-dev-mode-akka.actor.default-dispatcher-268 - Database [default] connected at jdbc:h2:file:./data/productsDB
2018-04-22 15:23:12,823 [WARN] from org.hibernate.validator.messageinterpolation.ParameterMessageInterpolator in play-dev-mode-akka.actor.default-dispatcher-268 - HV000184: ParameterMessageInterpolator has been chosen, EL interpolation will not be supported
2018-04-22 15:23:12,857 [INFO] from play.api.http.EnabledFilters in play-dev-mode-akka.actor.default-dispatcher-268 - Enabled Filters (see <https://www.playframework.com/documentation/latest/Filters>):

    play.filters.csrf.CSRFFilter
    play.filters.headers.SecurityHeadersFilter
    play.filters.hosts.AllowedHostsFilter

2018-04-22 15:23:12,857 [INFO] from play.api.Play in play-dev-mode-akka.actor.default-dispatcher-268 - Application started (Dev)
2018-04-22 15:23:46,343 [WARN] from application in application-akka.actor.default-dispatcher-6 - The "validate" method in class "models.users.Login" is deprecated since Play 2.6. To migrate to class-level constraints see https://www.playframework.com/documentation/2.6.x/Migration26#java-form-changes and https://www.playframework.com/documentation/2.6.x/JavaForms#Advanced-validation
2018-04-22 15:28:04,442 [INFO] from application in application-akka.actor.default-dispatcher-11 - Shutting down connection pool.
2018-04-22 15:28:04,561 [INFO] from application in play-dev-mode-akka.actor.default-dispatcher-272 - Creating Pool for datasource 'default'
2018-04-22 15:28:04,583 [INFO] from play.api.db.DefaultDBApi in play-dev-mode-akka.actor.default-dispatcher-272 - Database [default] connected at jdbc:h2:file:./data/productsDB
2018-04-22 15:28:04,726 [WARN] from org.hibernate.validator.messageinterpolation.ParameterMessageInterpolator in play-dev-mode-akka.actor.default-dispatcher-272 - HV000184: ParameterMessageInterpolator has been chosen, EL interpolation will not be supported
2018-04-22 15:28:04,758 [INFO] from play.api.http.EnabledFilters in play-dev-mode-akka.actor.default-dispatcher-272 - Enabled Filters (see <https://www.playframework.com/documentation/latest/Filters>):

    play.filters.csrf.CSRFFilter
    play.filters.headers.SecurityHeadersFilter
    play.filters.hosts.AllowedHostsFilter

2018-04-22 15:28:04,759 [INFO] from play.api.Play in play-dev-mode-akka.actor.default-dispatcher-272 - Application started (Dev)
2018-04-22 15:32:38,070 [INFO] from application in application-akka.actor.default-dispatcher-12 - Shutting down connection pool.
2018-04-22 15:32:38,142 [INFO] from application in play-dev-mode-akka.actor.default-dispatcher-323 - Creating Pool for datasource 'default'
2018-04-22 15:32:38,155 [INFO] from play.api.db.DefaultDBApi in play-dev-mode-akka.actor.default-dispatcher-323 - Database [default] connected at jdbc:h2:file:./data/productsDB
2018-04-22 15:32:38,292 [WARN] from org.hibernate.validator.messageinterpolation.ParameterMessageInterpolator in play-dev-mode-akka.actor.default-dispatcher-323 - HV000184: ParameterMessageInterpolator has been chosen, EL interpolation will not be supported
2018-04-22 15:32:38,328 [INFO] from play.api.http.EnabledFilters in play-dev-mode-akka.actor.default-dispatcher-323 - Enabled Filters (see <https://www.playframework.com/documentation/latest/Filters>):

    play.filters.csrf.CSRFFilter
    play.filters.headers.SecurityHeadersFilter
    play.filters.hosts.AllowedHostsFilter

2018-04-22 15:32:38,328 [INFO] from play.api.Play in play-dev-mode-akka.actor.default-dispatcher-323 - Application started (Dev)
2018-04-22 15:45:03,628 [INFO] from play.core.server.AkkaHttpServer in pool-5-thread-3 - Stopping server...
2018-04-22 15:45:03,639 [INFO] from application in application-akka.actor.default-dispatcher-21 - Shutting down connection pool.
